2021/04/11 15:49:43 [INFO] Terraform version: 0.14.10  
2021/04/11 15:49:43 [INFO] Go runtime version: go1.15.6
2021/04/11 15:49:43 [INFO] CLI args: []string{"/usr/local/bin/terraform", "apply"}
2021/04/11 15:49:43 [DEBUG] Attempting to open CLI config file: /home/vitek/.terraformrc
2021/04/11 15:49:43 [DEBUG] File doesn't exist, but doesn't need to. Ignoring.
2021/04/11 15:49:43 [DEBUG] ignoring non-existing provider search directory terraform.d/plugins
2021/04/11 15:49:43 [DEBUG] ignoring non-existing provider search directory /home/vitek/.terraform.d/plugins
2021/04/11 15:49:43 [DEBUG] ignoring non-existing provider search directory /home/vitek/.local/share/terraform/plugins
2021/04/11 15:49:43 [DEBUG] ignoring non-existing provider search directory /home/vitek/.local/share/flatpak/exports/share/terraform/plugins
2021/04/11 15:49:43 [DEBUG] ignoring non-existing provider search directory /var/lib/flatpak/exports/share/terraform/plugins
2021/04/11 15:49:43 [DEBUG] ignoring non-existing provider search directory /usr/local/share/terraform/plugins
2021/04/11 15:49:43 [DEBUG] ignoring non-existing provider search directory /usr/share/terraform/plugins
2021/04/11 15:49:43 [DEBUG] ignoring non-existing provider search directory /var/lib/snapd/desktop/terraform/plugins
2021/04/11 15:49:43 [INFO] CLI command args: []string{"apply"}
2021/04/11 15:49:43 [TRACE] Meta.Backend: no config given or present on disk, so returning nil config
2021/04/11 15:49:43 [TRACE] Meta.Backend: backend has not previously been initialized in this working directory
2021/04/11 15:49:43 [DEBUG] New state was assigned lineage "eb58753d-3cd6-deb5-e1d9-0ed9f5097a9b"
2021/04/11 15:49:43 [TRACE] Meta.Backend: using default local state only (no backend configuration, and no existing initialized backend)
2021/04/11 15:49:43 [TRACE] Meta.Backend: instantiated backend of type <nil>
2021/04/11 15:49:43 [TRACE] providercache.fillMetaCache: scanning directory .terraform/providers
2021/04/11 15:49:43 [TRACE] getproviders.SearchLocalDirectory: .terraform/providers is a symlink to .terraform/providers
2021/04/11 15:49:43 [TRACE] getproviders.SearchLocalDirectory: found registry.terraform.io/hashicorp/dns v3.0.0 for linux_amd64 at .terraform/providers/registry.terraform.io/hashicorp/dns/3.0.0/linux_amd64
2021/04/11 15:49:43 [TRACE] providercache.fillMetaCache: including .terraform/providers/registry.terraform.io/hashicorp/dns/3.0.0/linux_amd64 as a candidate package for registry.terraform.io/hashicorp/dns 3.0.0
2021/04/11 15:49:43 [DEBUG] checking for provisioner in "."
2021/04/11 15:49:43 [DEBUG] checking for provisioner in "/usr/local/bin"
2021/04/11 15:49:43 [INFO] Failed to read plugin lock file .terraform/plugins/linux_amd64/lock.json: open .terraform/plugins/linux_amd64/lock.json: no such file or directory
2021/04/11 15:49:43 [TRACE] Meta.Backend: backend <nil> does not support operations, so wrapping it in a local backend
2021/04/11 15:49:43 [INFO] backend/local: starting Apply operation
2021/04/11 15:49:43 [TRACE] backend/local: requesting state manager for workspace "default"
2021/04/11 15:49:43 [TRACE] backend/local: state manager for workspace "default" will:
 - read initial snapshot from terraform.tfstate
 - write new snapshots to terraform.tfstate
 - create any backup at terraform.tfstate.backup
2021/04/11 15:49:43 [TRACE] backend/local: requesting state lock for workspace "default"
2021/04/11 15:49:43 [TRACE] statemgr.Filesystem: preparing to manage state snapshots at terraform.tfstate
2021/04/11 15:49:43 [TRACE] statemgr.Filesystem: existing snapshot has lineage "9c03af99-b628-27bf-d895-3a94122be509" serial 1
2021/04/11 15:49:43 [TRACE] statemgr.Filesystem: locking terraform.tfstate using fcntl flock
2021/04/11 15:49:43 [TRACE] statemgr.Filesystem: writing lock metadata to .terraform.tfstate.lock.info
2021/04/11 15:49:43 [TRACE] backend/local: reading remote state for workspace "default"
2021/04/11 15:49:43 [TRACE] statemgr.Filesystem: reading latest snapshot from terraform.tfstate
2021/04/11 15:49:43 [TRACE] statemgr.Filesystem: read snapshot with lineage "9c03af99-b628-27bf-d895-3a94122be509" serial 1
2021/04/11 15:49:43 [TRACE] backend/local: retrieving local state snapshot for workspace "default"
2021/04/11 15:49:43 [TRACE] backend/local: building context for current working directory
2021/04/11 15:49:43 [TRACE] terraform.NewContext: starting
2021/04/11 15:49:43 [TRACE] terraform.NewContext: loading provider schemas
2021/04/11 15:49:43 [TRACE] LoadSchemas: retrieving schema for provider type "registry.terraform.io/hashicorp/dns"
2021-04-11T15:49:43.211+0300 [INFO]  plugin: configuring client automatic mTLS
2021-04-11T15:49:43.273+0300 [DEBUG] plugin: starting plugin: path=.terraform/providers/registry.terraform.io/hashicorp/dns/3.0.0/linux_amd64/terraform-provider-dns_v3.0.0_x5 args=[.terraform/providers/registry.terraform.io/hashicorp/dns/3.0.0/linux_amd64/terraform-provider-dns_v3.0.0_x5]
2021-04-11T15:49:43.275+0300 [DEBUG] plugin: plugin started: path=.terraform/providers/registry.terraform.io/hashicorp/dns/3.0.0/linux_amd64/terraform-provider-dns_v3.0.0_x5 pid=19923
2021-04-11T15:49:43.275+0300 [DEBUG] plugin: waiting for RPC address: path=.terraform/providers/registry.terraform.io/hashicorp/dns/3.0.0/linux_amd64/terraform-provider-dns_v3.0.0_x5
2021-04-11T15:49:43.300+0300 [INFO]  plugin.terraform-provider-dns_v3.0.0_x5: configuring server automatic mTLS: timestamp=2021-04-11T15:49:43.293+0300
2021-04-11T15:49:43.341+0300 [DEBUG] plugin: using plugin: version=5
2021-04-11T15:49:43.342+0300 [DEBUG] plugin.terraform-provider-dns_v3.0.0_x5: plugin address: address=/tmp/plugin188062051 network=unix timestamp=2021-04-11T15:49:43.341+0300
2021/04/11 15:49:43 [TRACE] GRPCProvider: GetSchema
2021-04-11T15:49:43.421+0300 [TRACE] plugin.stdio: waiting for stdio data
2021/04/11 15:49:43 [TRACE] GRPCProvider: Close
2021-04-11T15:49:43.426+0300 [WARN]  plugin.stdio: received EOF, stopping recv loop: err="rpc error: code = Unavailable desc = transport is closing"
2021-04-11T15:49:43.427+0300 [DEBUG] plugin: plugin process exited: path=.terraform/providers/registry.terraform.io/hashicorp/dns/3.0.0/linux_amd64/terraform-provider-dns_v3.0.0_x5 pid=19923
2021-04-11T15:49:43.427+0300 [DEBUG] plugin: plugin exited
2021/04/11 15:49:43 [TRACE] terraform.NewContext: complete
2021/04/11 15:49:43 [TRACE] backend/local: finished building terraform.Context
2021/04/11 15:49:43 [TRACE] backend/local: requesting interactive input, if necessary
2021/04/11 15:49:43 [TRACE] Context.Input: Prompting for provider arguments
2021/04/11 15:49:43 [TRACE] Context.Input: Provider provider.dns declared at provider.tf:1,1-15
2021/04/11 15:49:43 [TRACE] Context.Input: Input for provider.dns: map[string]cty.Value{}
2021/04/11 15:49:43 [TRACE] backend/local: running validation operation
2021/04/11 15:49:43 [INFO] terraform: building graph: GraphTypeValidate
2021/04/11 15:49:43 [TRACE] Executing graph transform *terraform.ConfigTransformer
2021/04/11 15:49:43 [TRACE] ConfigTransformer: Starting for path: 
2021/04/11 15:49:43 [TRACE] Completed graph transform *terraform.ConfigTransformer with new graph:
  dns_a_record_set.test_1803 - *terraform.NodeValidatableResource
  ------
2021/04/11 15:49:43 [TRACE] Executing graph transform *terraform.RootVariableTransformer
2021/04/11 15:49:43 [TRACE] Completed graph transform *terraform.RootVariableTransformer (no changes)
2021/04/11 15:49:43 [TRACE] Executing graph transform *terraform.ModuleVariableTransformer
2021/04/11 15:49:43 [TRACE] Completed graph transform *terraform.ModuleVariableTransformer (no changes)
2021/04/11 15:49:43 [TRACE] Executing graph transform *terraform.LocalTransformer
2021/04/11 15:49:43 [TRACE] Completed graph transform *terraform.LocalTransformer (no changes)
2021/04/11 15:49:43 [TRACE] Executing graph transform *terraform.OutputTransformer
2021/04/11 15:49:43 [TRACE] Completed graph transform *terraform.OutputTransformer (no changes)
2021/04/11 15:49:43 [TRACE] Executing graph transform *terraform.OrphanResourceInstanceTransformer
2021/04/11 15:49:43 [TRACE] Completed graph transform *terraform.OrphanResourceInstanceTransformer (no changes)
2021/04/11 15:49:43 [TRACE] Executing graph transform *terraform.StateTransformer
2021/04/11 15:49:43 [TRACE] StateTransformer: state is empty, so nothing to do
2021/04/11 15:49:43 [TRACE] Completed graph transform *terraform.StateTransformer (no changes)
2021/04/11 15:49:43 [TRACE] Executing graph transform *terraform.AttachStateTransformer
2021/04/11 15:49:43 [TRACE] Completed graph transform *terraform.AttachStateTransformer (no changes)
2021/04/11 15:49:43 [TRACE] Executing graph transform *terraform.OrphanOutputTransformer
2021/04/11 15:49:43 [TRACE] Completed graph transform *terraform.OrphanOutputTransformer (no changes)
2021/04/11 15:49:43 [TRACE] Executing graph transform *terraform.AttachResourceConfigTransformer
2021/04/11 15:49:43 [TRACE] AttachResourceConfigTransformer: attaching to "dns_a_record_set.test_1803" (*terraform.NodeValidatableResource) config from main.tf:1,1-40
2021/04/11 15:49:43 [TRACE] AttachResourceConfigTransformer: attaching provider meta configs to dns_a_record_set.test_1803
2021/04/11 15:49:43 [TRACE] Completed graph transform *terraform.AttachResourceConfigTransformer (no changes)
2021/04/11 15:49:43 [TRACE] Executing graph transform *terraform.MissingProvisionerTransformer
2021/04/11 15:49:43 [TRACE] Completed graph transform *terraform.MissingProvisionerTransformer (no changes)
2021/04/11 15:49:43 [TRACE] Executing graph transform *terraform.ProvisionerTransformer
2021/04/11 15:49:43 [TRACE] Completed graph transform *terraform.ProvisionerTransformer (no changes)
2021/04/11 15:49:43 [TRACE] Executing graph transform *terraform.graphTransformerMulti
2021/04/11 15:49:43 [TRACE] (graphTransformerMulti) Executing graph transform *terraform.ProviderConfigTransformer
2021/04/11 15:49:43 [TRACE] ProviderConfigTransformer: attaching to "provider[\"registry.terraform.io/hashicorp/dns\"]" provider configuration from provider.tf:1,1-15
2021/04/11 15:49:43 [TRACE] (graphTransformerMulti) Completed graph transform *terraform.ProviderConfigTransformer with new graph:
  dns_a_record_set.test_1803 - *terraform.NodeValidatableResource
  provider["registry.terraform.io/hashicorp/dns"] - *terraform.NodeApplyableProvider
  ------
2021/04/11 15:49:43 [TRACE] (graphTransformerMulti) Executing graph transform *terraform.MissingProviderTransformer
2021/04/11 15:49:43 [TRACE] (graphTransformerMulti) Completed graph transform *terraform.MissingProviderTransformer (no changes)
2021/04/11 15:49:43 [TRACE] (graphTransformerMulti) Executing graph transform *terraform.ProviderTransformer
2021/04/11 15:49:43 [TRACE] ProviderTransformer: exact match for provider["registry.terraform.io/hashicorp/dns"] serving dns_a_record_set.test_1803
2021/04/11 15:49:43 [DEBUG] ProviderTransformer: "dns_a_record_set.test_1803" (*terraform.NodeValidatableResource) needs provider["registry.terraform.io/hashicorp/dns"]
2021/04/11 15:49:43 [TRACE] (graphTransformerMulti) Completed graph transform *terraform.ProviderTransformer with new graph:
  dns_a_record_set.test_1803 - *terraform.NodeValidatableResource
    provider["registry.terraform.io/hashicorp/dns"] - *terraform.NodeApplyableProvider
  provider["registry.terraform.io/hashicorp/dns"] - *terraform.NodeApplyableProvider
  ------
2021/04/11 15:49:43 [TRACE] (graphTransformerMulti) Executing graph transform *terraform.PruneProviderTransformer
2021/04/11 15:49:43 [TRACE] (graphTransformerMulti) Completed graph transform *terraform.PruneProviderTransformer (no changes)
2021/04/11 15:49:43 [TRACE] (graphTransformerMulti) Executing graph transform *terraform.ParentProviderTransformer
2021/04/11 15:49:43 [TRACE] (graphTransformerMulti) Completed graph transform *terraform.ParentProviderTransformer (no changes)
2021/04/11 15:49:43 [TRACE] Completed graph transform *terraform.graphTransformerMulti with new graph:
  dns_a_record_set.test_1803 - *terraform.NodeValidatableResource
    provider["registry.terraform.io/hashicorp/dns"] - *terraform.NodeApplyableProvider
  provider["registry.terraform.io/hashicorp/dns"] - *terraform.NodeApplyableProvider
  ------
2021/04/11 15:49:43 [TRACE] Executing graph transform *terraform.RemovedModuleTransformer
2021/04/11 15:49:43 [TRACE] Completed graph transform *terraform.RemovedModuleTransformer (no changes)
2021/04/11 15:49:43 [TRACE] Executing graph transform *terraform.AttachSchemaTransformer
2021/04/11 15:49:43 [TRACE] AttachSchemaTransformer: attaching resource schema to dns_a_record_set.test_1803
2021/04/11 15:49:43 [TRACE] AttachSchemaTransformer: attaching provider config schema to provider["registry.terraform.io/hashicorp/dns"]
2021/04/11 15:49:43 [TRACE] Completed graph transform *terraform.AttachSchemaTransformer (no changes)
2021/04/11 15:49:43 [TRACE] Executing graph transform *terraform.ModuleExpansionTransformer
2021/04/11 15:49:43 [TRACE] Completed graph transform *terraform.ModuleExpansionTransformer (no changes)
2021/04/11 15:49:43 [TRACE] Executing graph transform *terraform.ReferenceTransformer
2021/04/11 15:49:43 [DEBUG] ReferenceTransformer: "dns_a_record_set.test_1803" references: []
2021/04/11 15:49:43 [DEBUG] ReferenceTransformer: "provider[\"registry.terraform.io/hashicorp/dns\"]" references: []
2021/04/11 15:49:43 [TRACE] Completed graph transform *terraform.ReferenceTransformer (no changes)
2021/04/11 15:49:43 [TRACE] Executing graph transform *terraform.AttachDependenciesTransformer
2021/04/11 15:49:43 [TRACE] Completed graph transform *terraform.AttachDependenciesTransformer (no changes)
2021/04/11 15:49:43 [TRACE] Executing graph transform *terraform.attachDataResourceDependenciesTransformer
2021/04/11 15:49:43 [TRACE] Completed graph transform *terraform.attachDataResourceDependenciesTransformer (no changes)
2021/04/11 15:49:43 [TRACE] Executing graph transform *terraform.TargetsTransformer
2021/04/11 15:49:43 [TRACE] Completed graph transform *terraform.TargetsTransformer (no changes)
2021/04/11 15:49:43 [TRACE] Executing graph transform *terraform.ForcedCBDTransformer
2021/04/11 15:49:43 [TRACE] Completed graph transform *terraform.ForcedCBDTransformer (no changes)
2021/04/11 15:49:43 [TRACE] Executing graph transform *terraform.CountBoundaryTransformer
2021/04/11 15:49:43 [TRACE] Completed graph transform *terraform.CountBoundaryTransformer with new graph:
  dns_a_record_set.test_1803 - *terraform.NodeValidatableResource
    provider["registry.terraform.io/hashicorp/dns"] - *terraform.NodeApplyableProvider
  meta.count-boundary (EachMode fixup) - *terraform.NodeCountBoundary
    dns_a_record_set.test_1803 - *terraform.NodeValidatableResource
    provider["registry.terraform.io/hashicorp/dns"] - *terraform.NodeApplyableProvider
  provider["registry.terraform.io/hashicorp/dns"] - *terraform.NodeApplyableProvider
  ------
2021/04/11 15:49:43 [TRACE] Executing graph transform *terraform.CloseProviderTransformer
2021/04/11 15:49:43 [TRACE] Completed graph transform *terraform.CloseProviderTransformer with new graph:
  dns_a_record_set.test_1803 - *terraform.NodeValidatableResource
    provider["registry.terraform.io/hashicorp/dns"] - *terraform.NodeApplyableProvider
  meta.count-boundary (EachMode fixup) - *terraform.NodeCountBoundary
    dns_a_record_set.test_1803 - *terraform.NodeValidatableResource
    provider["registry.terraform.io/hashicorp/dns"] - *terraform.NodeApplyableProvider
  provider["registry.terraform.io/hashicorp/dns"] - *terraform.NodeApplyableProvider
  provider["registry.terraform.io/hashicorp/dns"] (close) - *terraform.graphNodeCloseProvider
    dns_a_record_set.test_1803 - *terraform.NodeValidatableResource
    provider["registry.terraform.io/hashicorp/dns"] - *terraform.NodeApplyableProvider
  ------
2021/04/11 15:49:43 [TRACE] Executing graph transform *terraform.CloseRootModuleTransformer
2021/04/11 15:49:43 [TRACE] Completed graph transform *terraform.CloseRootModuleTransformer with new graph:
  dns_a_record_set.test_1803 - *terraform.NodeValidatableResource
    provider["registry.terraform.io/hashicorp/dns"] - *terraform.NodeApplyableProvider
  meta.count-boundary (EachMode fixup) - *terraform.NodeCountBoundary
    dns_a_record_set.test_1803 - *terraform.NodeValidatableResource
    provider["registry.terraform.io/hashicorp/dns"] - *terraform.NodeApplyableProvider
  provider["registry.terraform.io/hashicorp/dns"] - *terraform.NodeApplyableProvider
  provider["registry.terraform.io/hashicorp/dns"] (close) - *terraform.graphNodeCloseProvider
    dns_a_record_set.test_1803 - *terraform.NodeValidatableResource
    provider["registry.terraform.io/hashicorp/dns"] - *terraform.NodeApplyableProvider
  root - *terraform.nodeCloseModule
    meta.count-boundary (EachMode fixup) - *terraform.NodeCountBoundary
    provider["registry.terraform.io/hashicorp/dns"] (close) - *terraform.graphNodeCloseProvider
  ------
2021/04/11 15:49:43 [TRACE] Executing graph transform *terraform.TransitiveReductionTransformer
2021/04/11 15:49:43 [TRACE] Completed graph transform *terraform.TransitiveReductionTransformer with new graph:
  dns_a_record_set.test_1803 - *terraform.NodeValidatableResource
    provider["registry.terraform.io/hashicorp/dns"] - *terraform.NodeApplyableProvider
  meta.count-boundary (EachMode fixup) - *terraform.NodeCountBoundary
    dns_a_record_set.test_1803 - *terraform.NodeValidatableResource
  provider["registry.terraform.io/hashicorp/dns"] - *terraform.NodeApplyableProvider
  provider["registry.terraform.io/hashicorp/dns"] (close) - *terraform.graphNodeCloseProvider
    dns_a_record_set.test_1803 - *terraform.NodeValidatableResource
  root - *terraform.nodeCloseModule
    meta.count-boundary (EachMode fixup) - *terraform.NodeCountBoundary
    provider["registry.terraform.io/hashicorp/dns"] (close) - *terraform.graphNodeCloseProvider
  ------
2021/04/11 15:49:43 [DEBUG] Starting graph walk: walkValidate
2021/04/11 15:49:43 [TRACE] dag/walk: visiting "provider[\"registry.terraform.io/hashicorp/dns\"]"
2021/04/11 15:49:43 [TRACE] vertex "provider[\"registry.terraform.io/hashicorp/dns\"]": starting visit (*terraform.NodeApplyableProvider)
2021-04-11T15:49:43.429+0300 [INFO]  plugin: configuring client automatic mTLS
2021-04-11T15:49:43.463+0300 [DEBUG] plugin: starting plugin: path=.terraform/providers/registry.terraform.io/hashicorp/dns/3.0.0/linux_amd64/terraform-provider-dns_v3.0.0_x5 args=[.terraform/providers/registry.terraform.io/hashicorp/dns/3.0.0/linux_amd64/terraform-provider-dns_v3.0.0_x5]
2021-04-11T15:49:43.463+0300 [DEBUG] plugin: plugin started: path=.terraform/providers/registry.terraform.io/hashicorp/dns/3.0.0/linux_amd64/terraform-provider-dns_v3.0.0_x5 pid=19930
2021-04-11T15:49:43.463+0300 [DEBUG] plugin: waiting for RPC address: path=.terraform/providers/registry.terraform.io/hashicorp/dns/3.0.0/linux_amd64/terraform-provider-dns_v3.0.0_x5
2021-04-11T15:49:43.476+0300 [INFO]  plugin.terraform-provider-dns_v3.0.0_x5: configuring server automatic mTLS: timestamp=2021-04-11T15:49:43.476+0300
2021-04-11T15:49:43.510+0300 [DEBUG] plugin: using plugin: version=5
2021-04-11T15:49:43.510+0300 [DEBUG] plugin.terraform-provider-dns_v3.0.0_x5: plugin address: address=/tmp/plugin288648204 network=unix timestamp=2021-04-11T15:49:43.510+0300
2021/04/11 15:49:43 [TRACE] BuiltinEvalContext: Initialized "provider[\"registry.terraform.io/hashicorp/dns\"]" provider for provider["registry.terraform.io/hashicorp/dns"]
2021/04/11 15:49:43 [TRACE] buildProviderConfig for provider["registry.terraform.io/hashicorp/dns"]: using explicit config only
2021/04/11 15:49:43 [TRACE] GRPCProvider: GetSchema
2021-04-11T15:49:43.580+0300 [TRACE] plugin.stdio: waiting for stdio data
2021/04/11 15:49:43 [TRACE] GRPCProvider: PrepareProviderConfig
2021/04/11 15:49:43 [TRACE] vertex "provider[\"registry.terraform.io/hashicorp/dns\"]": visit complete
2021/04/11 15:49:43 [TRACE] dag/walk: visiting "dns_a_record_set.test_1803"
2021/04/11 15:49:43 [TRACE] vertex "dns_a_record_set.test_1803": starting visit (*terraform.NodeValidatableResource)
2021/04/11 15:49:43 [TRACE] GRPCProvider: ValidateResourceTypeConfig
2021-04-11T15:49:43.587+0300 [DEBUG] plugin.terraform-provider-dns_v3.0.0_x5: 2021/04/11 15:49:43 [WARN] Truncating attribute path of 0 diagnostics for TypeSet
2021/04/11 15:49:43 [TRACE] vertex "dns_a_record_set.test_1803": visit complete
2021/04/11 15:49:43 [TRACE] dag/walk: visiting "meta.count-boundary (EachMode fixup)"
2021/04/11 15:49:43 [TRACE] vertex "meta.count-boundary (EachMode fixup)": starting visit (*terraform.NodeCountBoundary)
2021/04/11 15:49:43 [TRACE] dag/walk: visiting "provider[\"registry.terraform.io/hashicorp/dns\"] (close)"
2021/04/11 15:49:43 [TRACE] vertex "provider[\"registry.terraform.io/hashicorp/dns\"] (close)": starting visit (*terraform.graphNodeCloseProvider)
2021/04/11 15:49:43 [TRACE] GRPCProvider: Close
2021/04/11 15:49:43 [TRACE] vertex "meta.count-boundary (EachMode fixup)": visit complete
2021-04-11T15:49:43.588+0300 [WARN]  plugin.stdio: received EOF, stopping recv loop: err="rpc error: code = Unavailable desc = transport is closing"
2021-04-11T15:49:43.589+0300 [DEBUG] plugin: plugin process exited: path=.terraform/providers/registry.terraform.io/hashicorp/dns/3.0.0/linux_amd64/terraform-provider-dns_v3.0.0_x5 pid=19930
2021-04-11T15:49:43.589+0300 [DEBUG] plugin: plugin exited
2021/04/11 15:49:43 [TRACE] vertex "provider[\"registry.terraform.io/hashicorp/dns\"] (close)": visit complete
2021/04/11 15:49:43 [TRACE] dag/walk: visiting "root"
2021/04/11 15:49:43 [TRACE] vertex "root": starting visit (*terraform.nodeCloseModule)
2021/04/11 15:49:43 [TRACE] vertex "root": visit complete
2021/04/11 15:49:43 [INFO] backend/local: apply calling Plan
2021/04/11 15:49:43 [INFO] terraform: building graph: GraphTypePlan
2021/04/11 15:49:43 [TRACE] Executing graph transform *terraform.ConfigTransformer
2021/04/11 15:49:43 [TRACE] ConfigTransformer: Starting for path: 
2021/04/11 15:49:43 [TRACE] Completed graph transform *terraform.ConfigTransformer with new graph:
  dns_a_record_set.test_1803 (expand) - *terraform.nodeExpandPlannableResource
  ------
2021/04/11 15:49:43 [TRACE] Executing graph transform *terraform.RootVariableTransformer
2021/04/11 15:49:43 [TRACE] Completed graph transform *terraform.RootVariableTransformer (no changes)
2021/04/11 15:49:43 [TRACE] Executing graph transform *terraform.ModuleVariableTransformer
2021/04/11 15:49:43 [TRACE] Completed graph transform *terraform.ModuleVariableTransformer (no changes)
2021/04/11 15:49:43 [TRACE] Executing graph transform *terraform.LocalTransformer
2021/04/11 15:49:43 [TRACE] Completed graph transform *terraform.LocalTransformer (no changes)
2021/04/11 15:49:43 [TRACE] Executing graph transform *terraform.OutputTransformer
2021/04/11 15:49:43 [TRACE] Completed graph transform *terraform.OutputTransformer (no changes)
2021/04/11 15:49:43 [TRACE] Executing graph transform *terraform.OrphanResourceInstanceTransformer
2021/04/11 15:49:43 [TRACE] Completed graph transform *terraform.OrphanResourceInstanceTransformer (no changes)
2021/04/11 15:49:43 [TRACE] Executing graph transform *terraform.StateTransformer
2021/04/11 15:49:43 [TRACE] StateTransformer: state is empty, so nothing to do
2021/04/11 15:49:43 [TRACE] Completed graph transform *terraform.StateTransformer (no changes)
2021/04/11 15:49:43 [TRACE] Executing graph transform *terraform.AttachStateTransformer
2021/04/11 15:49:43 [TRACE] Completed graph transform *terraform.AttachStateTransformer (no changes)
2021/04/11 15:49:43 [TRACE] Executing graph transform *terraform.OrphanOutputTransformer
2021/04/11 15:49:43 [TRACE] Completed graph transform *terraform.OrphanOutputTransformer (no changes)
2021/04/11 15:49:43 [TRACE] Executing graph transform *terraform.AttachResourceConfigTransformer
2021/04/11 15:49:43 [TRACE] AttachResourceConfigTransformer: attaching to "dns_a_record_set.test_1803 (expand)" (*terraform.nodeExpandPlannableResource) config from main.tf:1,1-40
2021/04/11 15:49:43 [TRACE] AttachResourceConfigTransformer: attaching provider meta configs to dns_a_record_set.test_1803 (expand)
2021/04/11 15:49:43 [TRACE] Completed graph transform *terraform.AttachResourceConfigTransformer (no changes)
2021/04/11 15:49:43 [TRACE] Executing graph transform *terraform.MissingProvisionerTransformer
2021/04/11 15:49:43 [TRACE] Completed graph transform *terraform.MissingProvisionerTransformer (no changes)
2021/04/11 15:49:43 [TRACE] Executing graph transform *terraform.ProvisionerTransformer
2021/04/11 15:49:43 [TRACE] Completed graph transform *terraform.ProvisionerTransformer (no changes)
2021/04/11 15:49:43 [TRACE] Executing graph transform *terraform.graphTransformerMulti
2021/04/11 15:49:43 [TRACE] (graphTransformerMulti) Executing graph transform *terraform.ProviderConfigTransformer
2021/04/11 15:49:43 [TRACE] ProviderConfigTransformer: attaching to "provider[\"registry.terraform.io/hashicorp/dns\"]" provider configuration from provider.tf:1,1-15
2021/04/11 15:49:43 [TRACE] (graphTransformerMulti) Completed graph transform *terraform.ProviderConfigTransformer with new graph:
  dns_a_record_set.test_1803 (expand) - *terraform.nodeExpandPlannableResource
  provider["registry.terraform.io/hashicorp/dns"] - *terraform.NodeApplyableProvider
  ------
2021/04/11 15:49:43 [TRACE] (graphTransformerMulti) Executing graph transform *terraform.MissingProviderTransformer
2021/04/11 15:49:43 [TRACE] (graphTransformerMulti) Completed graph transform *terraform.MissingProviderTransformer (no changes)
2021/04/11 15:49:43 [TRACE] (graphTransformerMulti) Executing graph transform *terraform.ProviderTransformer
2021/04/11 15:49:43 [TRACE] ProviderTransformer: exact match for provider["registry.terraform.io/hashicorp/dns"] serving dns_a_record_set.test_1803 (expand)
2021/04/11 15:49:43 [DEBUG] ProviderTransformer: "dns_a_record_set.test_1803 (expand)" (*terraform.nodeExpandPlannableResource) needs provider["registry.terraform.io/hashicorp/dns"]
2021/04/11 15:49:43 [TRACE] (graphTransformerMulti) Completed graph transform *terraform.ProviderTransformer with new graph:
  dns_a_record_set.test_1803 (expand) - *terraform.nodeExpandPlannableResource
    provider["registry.terraform.io/hashicorp/dns"] - *terraform.NodeApplyableProvider
  provider["registry.terraform.io/hashicorp/dns"] - *terraform.NodeApplyableProvider
  ------
2021/04/11 15:49:43 [TRACE] (graphTransformerMulti) Executing graph transform *terraform.PruneProviderTransformer
2021/04/11 15:49:43 [TRACE] (graphTransformerMulti) Completed graph transform *terraform.PruneProviderTransformer (no changes)
2021/04/11 15:49:43 [TRACE] (graphTransformerMulti) Executing graph transform *terraform.ParentProviderTransformer
2021/04/11 15:49:43 [TRACE] (graphTransformerMulti) Completed graph transform *terraform.ParentProviderTransformer (no changes)
2021/04/11 15:49:43 [TRACE] Completed graph transform *terraform.graphTransformerMulti with new graph:
  dns_a_record_set.test_1803 (expand) - *terraform.nodeExpandPlannableResource
    provider["registry.terraform.io/hashicorp/dns"] - *terraform.NodeApplyableProvider
  provider["registry.terraform.io/hashicorp/dns"] - *terraform.NodeApplyableProvider
  ------
2021/04/11 15:49:43 [TRACE] Executing graph transform *terraform.RemovedModuleTransformer
2021/04/11 15:49:43 [TRACE] Completed graph transform *terraform.RemovedModuleTransformer (no changes)
2021/04/11 15:49:43 [TRACE] Executing graph transform *terraform.AttachSchemaTransformer
2021/04/11 15:49:43 [TRACE] AttachSchemaTransformer: attaching provider config schema to provider["registry.terraform.io/hashicorp/dns"]
2021/04/11 15:49:43 [TRACE] AttachSchemaTransformer: attaching resource schema to dns_a_record_set.test_1803 (expand)
2021/04/11 15:49:43 [TRACE] Completed graph transform *terraform.AttachSchemaTransformer (no changes)
2021/04/11 15:49:43 [TRACE] Executing graph transform *terraform.ModuleExpansionTransformer
2021/04/11 15:49:43 [TRACE] Completed graph transform *terraform.ModuleExpansionTransformer (no changes)
2021/04/11 15:49:43 [TRACE] Executing graph transform *terraform.ReferenceTransformer
2021/04/11 15:49:43 [DEBUG] ReferenceTransformer: "dns_a_record_set.test_1803 (expand)" references: []
2021/04/11 15:49:43 [DEBUG] ReferenceTransformer: "provider[\"registry.terraform.io/hashicorp/dns\"]" references: []
2021/04/11 15:49:43 [TRACE] Completed graph transform *terraform.ReferenceTransformer (no changes)
2021/04/11 15:49:43 [TRACE] Executing graph transform *terraform.AttachDependenciesTransformer
2021/04/11 15:49:43 [TRACE] AttachDependenciesTransformer: dns_a_record_set.test_1803 depends on []
2021/04/11 15:49:43 [TRACE] Completed graph transform *terraform.AttachDependenciesTransformer (no changes)
2021/04/11 15:49:43 [TRACE] Executing graph transform *terraform.attachDataResourceDependenciesTransformer
2021/04/11 15:49:43 [TRACE] Completed graph transform *terraform.attachDataResourceDependenciesTransformer (no changes)
2021/04/11 15:49:43 [TRACE] Executing graph transform *terraform.TargetsTransformer
2021/04/11 15:49:43 [TRACE] Completed graph transform *terraform.TargetsTransformer (no changes)
2021/04/11 15:49:43 [TRACE] Executing graph transform *terraform.ForcedCBDTransformer
2021/04/11 15:49:43 [TRACE] ForcedCBDTransformer: "dns_a_record_set.test_1803 (expand)" (*terraform.nodeExpandPlannableResource) has no CBD descendent, so skipping
2021/04/11 15:49:43 [TRACE] Completed graph transform *terraform.ForcedCBDTransformer (no changes)
2021/04/11 15:49:43 [TRACE] Executing graph transform *terraform.CountBoundaryTransformer
2021/04/11 15:49:43 [TRACE] Completed graph transform *terraform.CountBoundaryTransformer with new graph:
  dns_a_record_set.test_1803 (expand) - *terraform.nodeExpandPlannableResource
    provider["registry.terraform.io/hashicorp/dns"] - *terraform.NodeApplyableProvider
  meta.count-boundary (EachMode fixup) - *terraform.NodeCountBoundary
    dns_a_record_set.test_1803 (expand) - *terraform.nodeExpandPlannableResource
    provider["registry.terraform.io/hashicorp/dns"] - *terraform.NodeApplyableProvider
  provider["registry.terraform.io/hashicorp/dns"] - *terraform.NodeApplyableProvider
  ------
2021/04/11 15:49:43 [TRACE] Executing graph transform *terraform.CloseProviderTransformer
2021/04/11 15:49:43 [TRACE] Completed graph transform *terraform.CloseProviderTransformer with new graph:
  dns_a_record_set.test_1803 (expand) - *terraform.nodeExpandPlannableResource
    provider["registry.terraform.io/hashicorp/dns"] - *terraform.NodeApplyableProvider
  meta.count-boundary (EachMode fixup) - *terraform.NodeCountBoundary
    dns_a_record_set.test_1803 (expand) - *terraform.nodeExpandPlannableResource
    provider["registry.terraform.io/hashicorp/dns"] - *terraform.NodeApplyableProvider
  provider["registry.terraform.io/hashicorp/dns"] - *terraform.NodeApplyableProvider
  provider["registry.terraform.io/hashicorp/dns"] (close) - *terraform.graphNodeCloseProvider
    dns_a_record_set.test_1803 (expand) - *terraform.nodeExpandPlannableResource
    provider["registry.terraform.io/hashicorp/dns"] - *terraform.NodeApplyableProvider
  ------
2021/04/11 15:49:43 [TRACE] Executing graph transform *terraform.CloseRootModuleTransformer
2021/04/11 15:49:43 [TRACE] Completed graph transform *terraform.CloseRootModuleTransformer with new graph:
  dns_a_record_set.test_1803 (expand) - *terraform.nodeExpandPlannableResource
    provider["registry.terraform.io/hashicorp/dns"] - *terraform.NodeApplyableProvider
  meta.count-boundary (EachMode fixup) - *terraform.NodeCountBoundary
    dns_a_record_set.test_1803 (expand) - *terraform.nodeExpandPlannableResource
    provider["registry.terraform.io/hashicorp/dns"] - *terraform.NodeApplyableProvider
  provider["registry.terraform.io/hashicorp/dns"] - *terraform.NodeApplyableProvider
  provider["registry.terraform.io/hashicorp/dns"] (close) - *terraform.graphNodeCloseProvider
    dns_a_record_set.test_1803 (expand) - *terraform.nodeExpandPlannableResource
    provider["registry.terraform.io/hashicorp/dns"] - *terraform.NodeApplyableProvider
  root - *terraform.nodeCloseModule
    meta.count-boundary (EachMode fixup) - *terraform.NodeCountBoundary
    provider["registry.terraform.io/hashicorp/dns"] (close) - *terraform.graphNodeCloseProvider
  ------
2021/04/11 15:49:43 [TRACE] Executing graph transform *terraform.TransitiveReductionTransformer
2021/04/11 15:49:43 [TRACE] Completed graph transform *terraform.TransitiveReductionTransformer with new graph:
  dns_a_record_set.test_1803 (expand) - *terraform.nodeExpandPlannableResource
    provider["registry.terraform.io/hashicorp/dns"] - *terraform.NodeApplyableProvider
  meta.count-boundary (EachMode fixup) - *terraform.NodeCountBoundary
    dns_a_record_set.test_1803 (expand) - *terraform.nodeExpandPlannableResource
  provider["registry.terraform.io/hashicorp/dns"] - *terraform.NodeApplyableProvider
  provider["registry.terraform.io/hashicorp/dns"] (close) - *terraform.graphNodeCloseProvider
    dns_a_record_set.test_1803 (expand) - *terraform.nodeExpandPlannableResource
  root - *terraform.nodeCloseModule
    meta.count-boundary (EachMode fixup) - *terraform.NodeCountBoundary
    provider["registry.terraform.io/hashicorp/dns"] (close) - *terraform.graphNodeCloseProvider
  ------
2021/04/11 15:49:43 [DEBUG] Starting graph walk: walkPlan
2021/04/11 15:49:43 [TRACE] dag/walk: visiting "provider[\"registry.terraform.io/hashicorp/dns\"]"
2021/04/11 15:49:43 [TRACE] vertex "provider[\"registry.terraform.io/hashicorp/dns\"]": starting visit (*terraform.NodeApplyableProvider)
2021-04-11T15:49:43.591+0300 [INFO]  plugin: configuring client automatic mTLS
2021-04-11T15:49:43.627+0300 [DEBUG] plugin: starting plugin: path=.terraform/providers/registry.terraform.io/hashicorp/dns/3.0.0/linux_amd64/terraform-provider-dns_v3.0.0_x5 args=[.terraform/providers/registry.terraform.io/hashicorp/dns/3.0.0/linux_amd64/terraform-provider-dns_v3.0.0_x5]
2021-04-11T15:49:43.627+0300 [DEBUG] plugin: plugin started: path=.terraform/providers/registry.terraform.io/hashicorp/dns/3.0.0/linux_amd64/terraform-provider-dns_v3.0.0_x5 pid=19937
2021-04-11T15:49:43.627+0300 [DEBUG] plugin: waiting for RPC address: path=.terraform/providers/registry.terraform.io/hashicorp/dns/3.0.0/linux_amd64/terraform-provider-dns_v3.0.0_x5
2021-04-11T15:49:43.641+0300 [INFO]  plugin.terraform-provider-dns_v3.0.0_x5: configuring server automatic mTLS: timestamp=2021-04-11T15:49:43.640+0300
2021-04-11T15:49:43.679+0300 [DEBUG] plugin.terraform-provider-dns_v3.0.0_x5: plugin address: address=/tmp/plugin044944967 network=unix timestamp=2021-04-11T15:49:43.679+0300
2021-04-11T15:49:43.679+0300 [DEBUG] plugin: using plugin: version=5
2021/04/11 15:49:43 [TRACE] BuiltinEvalContext: Initialized "provider[\"registry.terraform.io/hashicorp/dns\"]" provider for provider["registry.terraform.io/hashicorp/dns"]
2021/04/11 15:49:43 [TRACE] buildProviderConfig for provider["registry.terraform.io/hashicorp/dns"]: using explicit config only
2021/04/11 15:49:43 [TRACE] GRPCProvider: GetSchema
2021-04-11T15:49:43.747+0300 [TRACE] plugin.stdio: waiting for stdio data
2021/04/11 15:49:43 [TRACE] GRPCProvider: Configure
2021-04-11T15:49:43.750+0300 [DEBUG] plugin.terraform-provider-dns_v3.0.0_x5: 2021/04/11 15:49:43 [INFO] Building DNSClient config structure
2021/04/11 15:49:43 [TRACE] vertex "provider[\"registry.terraform.io/hashicorp/dns\"]": visit complete
2021/04/11 15:49:43 [TRACE] dag/walk: visiting "dns_a_record_set.test_1803 (expand)"
2021/04/11 15:49:43 [TRACE] vertex "dns_a_record_set.test_1803 (expand)": starting visit (*terraform.nodeExpandPlannableResource)
2021/04/11 15:49:43 [TRACE] vertex "dns_a_record_set.test_1803 (expand)": expanding dynamic subgraph
2021/04/11 15:49:43 [TRACE] vertex "dns_a_record_set.test_1803 (expand)": entering dynamic subgraph
2021/04/11 15:49:43 [TRACE] dag/walk: visiting "dns_a_record_set.test_1803"
2021/04/11 15:49:43 [TRACE] vertex "dns_a_record_set.test_1803": starting visit (*terraform.NodePlannableResource)
2021/04/11 15:49:43 [TRACE] vertex "dns_a_record_set.test_1803": expanding dynamic subgraph
2021/04/11 15:49:43 [TRACE] Executing graph transform *terraform.ResourceCountTransformer
2021/04/11 15:49:43 [TRACE] ResourceCountTransformer: adding dns_a_record_set.test_1803 as *terraform.NodePlannableResourceInstance
2021/04/11 15:49:43 [TRACE] Completed graph transform *terraform.ResourceCountTransformer with new graph:
  dns_a_record_set.test_1803 - *terraform.NodePlannableResourceInstance
  ------
2021/04/11 15:49:43 [TRACE] Executing graph transform *terraform.OrphanResourceInstanceCountTransformer
2021/04/11 15:49:43 [TRACE] Completed graph transform *terraform.OrphanResourceInstanceCountTransformer (no changes)
2021/04/11 15:49:43 [TRACE] Executing graph transform *terraform.AttachStateTransformer
2021/04/11 15:49:43 [DEBUG] Resource instance state not found for node "dns_a_record_set.test_1803", instance dns_a_record_set.test_1803
2021/04/11 15:49:43 [TRACE] Completed graph transform *terraform.AttachStateTransformer (no changes)
2021/04/11 15:49:43 [TRACE] Executing graph transform *terraform.TargetsTransformer
2021/04/11 15:49:43 [TRACE] Completed graph transform *terraform.TargetsTransformer (no changes)
2021/04/11 15:49:43 [TRACE] Executing graph transform *terraform.ReferenceTransformer
2021/04/11 15:49:43 [DEBUG] ReferenceTransformer: "dns_a_record_set.test_1803" references: []
2021/04/11 15:49:43 [TRACE] Completed graph transform *terraform.ReferenceTransformer (no changes)
2021/04/11 15:49:43 [TRACE] Executing graph transform *terraform.RootTransformer
2021/04/11 15:49:43 [TRACE] Completed graph transform *terraform.RootTransformer (no changes)
2021/04/11 15:49:43 [TRACE] vertex "dns_a_record_set.test_1803": entering dynamic subgraph
2021/04/11 15:49:43 [TRACE] dag/walk: visiting "dns_a_record_set.test_1803"
2021/04/11 15:49:43 [TRACE] vertex "dns_a_record_set.test_1803": starting visit (*terraform.NodePlannableResourceInstance)
2021/04/11 15:49:43 [TRACE] ReadResourceInstanceState: reading state for dns_a_record_set.test_1803
2021/04/11 15:49:43 [TRACE] ReadResourceInstanceState: no state present for dns_a_record_set.test_1803
2021/04/11 15:49:43 [DEBUG] refresh: dns_a_record_set.test_1803: no state, so not refreshing
2021/04/11 15:49:43 [TRACE] EvalWriteState: using RefreshState for dns_a_record_set.test_1803
2021/04/11 15:49:43 [TRACE] EvalWriteState: removing state object for dns_a_record_set.test_1803
2021/04/11 15:49:43 [TRACE] Re-validating config for "dns_a_record_set.test_1803"
2021/04/11 15:49:43 [TRACE] GRPCProvider: ValidateResourceTypeConfig
2021-04-11T15:49:43.751+0300 [DEBUG] plugin.terraform-provider-dns_v3.0.0_x5: 2021/04/11 15:49:43 [WARN] Truncating attribute path of 0 diagnostics for TypeSet
2021/04/11 15:49:43 [TRACE] GRPCProvider: PlanResourceChange
2021/04/11 15:49:43 [TRACE] EvalWriteState: writing current state object for dns_a_record_set.test_1803
2021/04/11 15:49:43 [TRACE] EvalWriteDiff: recorded Create change for dns_a_record_set.test_1803
2021/04/11 15:49:43 [TRACE] vertex "dns_a_record_set.test_1803": visit complete
2021/04/11 15:49:43 [TRACE] vertex "dns_a_record_set.test_1803": dynamic subgraph completed successfully
2021/04/11 15:49:43 [TRACE] vertex "dns_a_record_set.test_1803": visit complete
2021/04/11 15:49:43 [TRACE] vertex "dns_a_record_set.test_1803 (expand)": dynamic subgraph completed successfully
2021/04/11 15:49:43 [TRACE] vertex "dns_a_record_set.test_1803 (expand)": visit complete
2021/04/11 15:49:43 [TRACE] dag/walk: visiting "provider[\"registry.terraform.io/hashicorp/dns\"] (close)"
2021/04/11 15:49:43 [TRACE] vertex "provider[\"registry.terraform.io/hashicorp/dns\"] (close)": starting visit (*terraform.graphNodeCloseProvider)
2021/04/11 15:49:43 [TRACE] GRPCProvider: Close
2021/04/11 15:49:43 [TRACE] dag/walk: visiting "meta.count-boundary (EachMode fixup)"
2021/04/11 15:49:43 [TRACE] vertex "meta.count-boundary (EachMode fixup)": starting visit (*terraform.NodeCountBoundary)
2021/04/11 15:49:43 [TRACE] vertex "meta.count-boundary (EachMode fixup)": visit complete
2021-04-11T15:49:43.754+0300 [WARN]  plugin.stdio: received EOF, stopping recv loop: err="rpc error: code = Unavailable desc = transport is closing"
2021-04-11T15:49:43.755+0300 [DEBUG] plugin: plugin process exited: path=.terraform/providers/registry.terraform.io/hashicorp/dns/3.0.0/linux_amd64/terraform-provider-dns_v3.0.0_x5 pid=19937
2021-04-11T15:49:43.755+0300 [DEBUG] plugin: plugin exited
2021/04/11 15:49:43 [TRACE] vertex "provider[\"registry.terraform.io/hashicorp/dns\"] (close)": visit complete
2021/04/11 15:49:43 [TRACE] dag/walk: visiting "root"
2021/04/11 15:49:43 [TRACE] vertex "root": starting visit (*terraform.nodeCloseModule)
2021/04/11 15:49:43 [TRACE] vertex "root": visit complete
2021/04/11 15:49:43 [DEBUG] command: asking for input: "Do you want to perform these actions?"
2021/04/11 15:49:47 [INFO] backend/local: apply calling Apply
2021/04/11 15:49:47 [INFO] terraform: building graph: GraphTypeApply
2021/04/11 15:49:47 [TRACE] Executing graph transform *terraform.ConfigTransformer
2021/04/11 15:49:47 [TRACE] ConfigTransformer: Starting for path: 
2021/04/11 15:49:47 [TRACE] Completed graph transform *terraform.ConfigTransformer with new graph:
  dns_a_record_set.test_1803 (expand) - *terraform.nodeExpandApplyableResource
  ------
2021/04/11 15:49:47 [TRACE] Executing graph transform *terraform.RootVariableTransformer
2021/04/11 15:49:47 [TRACE] Completed graph transform *terraform.RootVariableTransformer (no changes)
2021/04/11 15:49:47 [TRACE] Executing graph transform *terraform.ModuleVariableTransformer
2021/04/11 15:49:47 [TRACE] Completed graph transform *terraform.ModuleVariableTransformer (no changes)
2021/04/11 15:49:47 [TRACE] Executing graph transform *terraform.LocalTransformer
2021/04/11 15:49:47 [TRACE] Completed graph transform *terraform.LocalTransformer (no changes)
2021/04/11 15:49:47 [TRACE] Executing graph transform *terraform.OutputTransformer
2021/04/11 15:49:47 [TRACE] Completed graph transform *terraform.OutputTransformer (no changes)
2021/04/11 15:49:47 [TRACE] Executing graph transform *terraform.DiffTransformer
2021/04/11 15:49:47 [TRACE] DiffTransformer starting
2021/04/11 15:49:47 [TRACE] DiffTransformer: found Create change for dns_a_record_set.test_1803 
2021/04/11 15:49:47 [TRACE] DiffTransformer: dns_a_record_set.test_1803 will be represented by dns_a_record_set.test_1803
2021/04/11 15:49:47 [TRACE] DiffTransformer complete
2021/04/11 15:49:47 [TRACE] Completed graph transform *terraform.DiffTransformer with new graph:
  dns_a_record_set.test_1803 - *terraform.NodeApplyableResourceInstance
    dns_a_record_set.test_1803 (expand) - *terraform.nodeExpandApplyableResource
  dns_a_record_set.test_1803 (expand) - *terraform.nodeExpandApplyableResource
  ------
2021/04/11 15:49:47 [TRACE] Executing graph transform *terraform.AttachStateTransformer
2021/04/11 15:49:47 [DEBUG] Resource state not found for node "dns_a_record_set.test_1803", instance dns_a_record_set.test_1803
2021/04/11 15:49:47 [TRACE] Completed graph transform *terraform.AttachStateTransformer (no changes)
2021/04/11 15:49:47 [TRACE] Executing graph transform *terraform.OrphanOutputTransformer
2021/04/11 15:49:47 [TRACE] Completed graph transform *terraform.OrphanOutputTransformer (no changes)
2021/04/11 15:49:47 [TRACE] Executing graph transform *terraform.AttachResourceConfigTransformer
2021/04/11 15:49:47 [TRACE] AttachResourceConfigTransformer: attaching to "dns_a_record_set.test_1803 (expand)" (*terraform.nodeExpandApplyableResource) config from main.tf:1,1-40
2021/04/11 15:49:47 [TRACE] AttachResourceConfigTransformer: attaching provider meta configs to dns_a_record_set.test_1803 (expand)
2021/04/11 15:49:47 [TRACE] AttachResourceConfigTransformer: attaching to "dns_a_record_set.test_1803" (*terraform.NodeApplyableResourceInstance) config from main.tf:1,1-40
2021/04/11 15:49:47 [TRACE] AttachResourceConfigTransformer: attaching provider meta configs to dns_a_record_set.test_1803
2021/04/11 15:49:47 [TRACE] Completed graph transform *terraform.AttachResourceConfigTransformer (no changes)
2021/04/11 15:49:47 [TRACE] Executing graph transform *terraform.MissingProvisionerTransformer
2021/04/11 15:49:47 [TRACE] Completed graph transform *terraform.MissingProvisionerTransformer (no changes)
2021/04/11 15:49:47 [TRACE] Executing graph transform *terraform.ProvisionerTransformer
2021/04/11 15:49:47 [TRACE] Completed graph transform *terraform.ProvisionerTransformer (no changes)
2021/04/11 15:49:47 [TRACE] Executing graph transform *terraform.graphTransformerMulti
2021/04/11 15:49:47 [TRACE] (graphTransformerMulti) Executing graph transform *terraform.ProviderConfigTransformer
2021/04/11 15:49:47 [TRACE] ProviderConfigTransformer: attaching to "provider[\"registry.terraform.io/hashicorp/dns\"]" provider configuration from provider.tf:1,1-15
2021/04/11 15:49:47 [TRACE] (graphTransformerMulti) Completed graph transform *terraform.ProviderConfigTransformer with new graph:
  dns_a_record_set.test_1803 - *terraform.NodeApplyableResourceInstance
    dns_a_record_set.test_1803 (expand) - *terraform.nodeExpandApplyableResource
  dns_a_record_set.test_1803 (expand) - *terraform.nodeExpandApplyableResource
  provider["registry.terraform.io/hashicorp/dns"] - *terraform.NodeApplyableProvider
  ------
2021/04/11 15:49:47 [TRACE] (graphTransformerMulti) Executing graph transform *terraform.MissingProviderTransformer
2021/04/11 15:49:47 [TRACE] (graphTransformerMulti) Completed graph transform *terraform.MissingProviderTransformer (no changes)
2021/04/11 15:49:47 [TRACE] (graphTransformerMulti) Executing graph transform *terraform.ProviderTransformer
2021/04/11 15:49:47 [TRACE] ProviderTransformer: exact match for provider["registry.terraform.io/hashicorp/dns"] serving dns_a_record_set.test_1803 (expand)
2021/04/11 15:49:47 [DEBUG] ProviderTransformer: "dns_a_record_set.test_1803 (expand)" (*terraform.nodeExpandApplyableResource) needs provider["registry.terraform.io/hashicorp/dns"]
2021/04/11 15:49:47 [TRACE] ProviderTransformer: exact match for provider["registry.terraform.io/hashicorp/dns"] serving dns_a_record_set.test_1803
2021/04/11 15:49:47 [DEBUG] ProviderTransformer: "dns_a_record_set.test_1803" (*terraform.NodeApplyableResourceInstance) needs provider["registry.terraform.io/hashicorp/dns"]
2021/04/11 15:49:47 [TRACE] (graphTransformerMulti) Completed graph transform *terraform.ProviderTransformer with new graph:
  dns_a_record_set.test_1803 - *terraform.NodeApplyableResourceInstance
    dns_a_record_set.test_1803 (expand) - *terraform.nodeExpandApplyableResource
    provider["registry.terraform.io/hashicorp/dns"] - *terraform.NodeApplyableProvider
  dns_a_record_set.test_1803 (expand) - *terraform.nodeExpandApplyableResource
    provider["registry.terraform.io/hashicorp/dns"] - *terraform.NodeApplyableProvider
  provider["registry.terraform.io/hashicorp/dns"] - *terraform.NodeApplyableProvider
  ------
2021/04/11 15:49:47 [TRACE] (graphTransformerMulti) Executing graph transform *terraform.PruneProviderTransformer
2021/04/11 15:49:47 [TRACE] (graphTransformerMulti) Completed graph transform *terraform.PruneProviderTransformer (no changes)
2021/04/11 15:49:47 [TRACE] (graphTransformerMulti) Executing graph transform *terraform.ParentProviderTransformer
2021/04/11 15:49:47 [TRACE] (graphTransformerMulti) Completed graph transform *terraform.ParentProviderTransformer (no changes)
2021/04/11 15:49:47 [TRACE] Completed graph transform *terraform.graphTransformerMulti with new graph:
  dns_a_record_set.test_1803 - *terraform.NodeApplyableResourceInstance
    dns_a_record_set.test_1803 (expand) - *terraform.nodeExpandApplyableResource
    provider["registry.terraform.io/hashicorp/dns"] - *terraform.NodeApplyableProvider
  dns_a_record_set.test_1803 (expand) - *terraform.nodeExpandApplyableResource
    provider["registry.terraform.io/hashicorp/dns"] - *terraform.NodeApplyableProvider
  provider["registry.terraform.io/hashicorp/dns"] - *terraform.NodeApplyableProvider
  ------
2021/04/11 15:49:47 [TRACE] Executing graph transform *terraform.RemovedModuleTransformer
2021/04/11 15:49:47 [TRACE] Completed graph transform *terraform.RemovedModuleTransformer (no changes)
2021/04/11 15:49:47 [TRACE] Executing graph transform *terraform.AttachSchemaTransformer
2021/04/11 15:49:47 [TRACE] AttachSchemaTransformer: attaching resource schema to dns_a_record_set.test_1803 (expand)
2021/04/11 15:49:47 [TRACE] AttachSchemaTransformer: attaching resource schema to dns_a_record_set.test_1803
2021/04/11 15:49:47 [TRACE] AttachSchemaTransformer: attaching provider config schema to provider["registry.terraform.io/hashicorp/dns"]
2021/04/11 15:49:47 [TRACE] Completed graph transform *terraform.AttachSchemaTransformer (no changes)
2021/04/11 15:49:47 [TRACE] Executing graph transform *terraform.ModuleExpansionTransformer
2021/04/11 15:49:47 [TRACE] Completed graph transform *terraform.ModuleExpansionTransformer (no changes)
2021/04/11 15:49:47 [TRACE] Executing graph transform *terraform.ReferenceTransformer
2021/04/11 15:49:47 [DEBUG] ReferenceTransformer: "dns_a_record_set.test_1803 (expand)" references: []
2021/04/11 15:49:47 [DEBUG] ReferenceTransformer: "dns_a_record_set.test_1803" references: []
2021/04/11 15:49:47 [DEBUG] ReferenceTransformer: "provider[\"registry.terraform.io/hashicorp/dns\"]" references: []
2021/04/11 15:49:47 [TRACE] Completed graph transform *terraform.ReferenceTransformer (no changes)
2021/04/11 15:49:47 [TRACE] Executing graph transform *terraform.AttachDependenciesTransformer
2021/04/11 15:49:47 [TRACE] AttachDependenciesTransformer: dns_a_record_set.test_1803 depends on []
2021/04/11 15:49:47 [TRACE] Completed graph transform *terraform.AttachDependenciesTransformer (no changes)
2021/04/11 15:49:47 [TRACE] Executing graph transform *terraform.ForcedCBDTransformer
2021/04/11 15:49:47 [TRACE] ForcedCBDTransformer: "dns_a_record_set.test_1803" (*terraform.NodeApplyableResourceInstance) has no CBD descendent, so skipping
2021/04/11 15:49:47 [TRACE] Completed graph transform *terraform.ForcedCBDTransformer (no changes)
2021/04/11 15:49:47 [TRACE] Executing graph transform *terraform.DestroyEdgeTransformer
2021/04/11 15:49:47 [TRACE] Completed graph transform *terraform.DestroyEdgeTransformer (no changes)
2021/04/11 15:49:47 [TRACE] Executing graph transform *terraform.CBDEdgeTransformer
2021/04/11 15:49:47 [TRACE] Completed graph transform *terraform.CBDEdgeTransformer (no changes)
2021/04/11 15:49:47 [TRACE] Executing graph transform *terraform.pruneUnusedNodesTransformer
2021/04/11 15:49:47 [TRACE] Completed graph transform *terraform.pruneUnusedNodesTransformer (no changes)
2021/04/11 15:49:47 [TRACE] Executing graph transform *terraform.TargetsTransformer
2021/04/11 15:49:47 [TRACE] Completed graph transform *terraform.TargetsTransformer (no changes)
2021/04/11 15:49:47 [TRACE] Executing graph transform *terraform.CountBoundaryTransformer
2021/04/11 15:49:47 [TRACE] Completed graph transform *terraform.CountBoundaryTransformer with new graph:
  dns_a_record_set.test_1803 - *terraform.NodeApplyableResourceInstance
    dns_a_record_set.test_1803 (expand) - *terraform.nodeExpandApplyableResource
    provider["registry.terraform.io/hashicorp/dns"] - *terraform.NodeApplyableProvider
  dns_a_record_set.test_1803 (expand) - *terraform.nodeExpandApplyableResource
    provider["registry.terraform.io/hashicorp/dns"] - *terraform.NodeApplyableProvider
  meta.count-boundary (EachMode fixup) - *terraform.NodeCountBoundary
    dns_a_record_set.test_1803 - *terraform.NodeApplyableResourceInstance
    dns_a_record_set.test_1803 (expand) - *terraform.nodeExpandApplyableResource
    provider["registry.terraform.io/hashicorp/dns"] - *terraform.NodeApplyableProvider
  provider["registry.terraform.io/hashicorp/dns"] - *terraform.NodeApplyableProvider
  ------
2021/04/11 15:49:47 [TRACE] Executing graph transform *terraform.CloseProviderTransformer
2021/04/11 15:49:47 [TRACE] Completed graph transform *terraform.CloseProviderTransformer with new graph:
  dns_a_record_set.test_1803 - *terraform.NodeApplyableResourceInstance
    dns_a_record_set.test_1803 (expand) - *terraform.nodeExpandApplyableResource
    provider["registry.terraform.io/hashicorp/dns"] - *terraform.NodeApplyableProvider
  dns_a_record_set.test_1803 (expand) - *terraform.nodeExpandApplyableResource
    provider["registry.terraform.io/hashicorp/dns"] - *terraform.NodeApplyableProvider
  meta.count-boundary (EachMode fixup) - *terraform.NodeCountBoundary
    dns_a_record_set.test_1803 - *terraform.NodeApplyableResourceInstance
    dns_a_record_set.test_1803 (expand) - *terraform.nodeExpandApplyableResource
    provider["registry.terraform.io/hashicorp/dns"] - *terraform.NodeApplyableProvider
  provider["registry.terraform.io/hashicorp/dns"] - *terraform.NodeApplyableProvider
  provider["registry.terraform.io/hashicorp/dns"] (close) - *terraform.graphNodeCloseProvider
    dns_a_record_set.test_1803 - *terraform.NodeApplyableResourceInstance
    dns_a_record_set.test_1803 (expand) - *terraform.nodeExpandApplyableResource
    provider["registry.terraform.io/hashicorp/dns"] - *terraform.NodeApplyableProvider
  ------
2021/04/11 15:49:47 [TRACE] Executing graph transform *terraform.CloseProvisionerTransformer
2021/04/11 15:49:47 [TRACE] Completed graph transform *terraform.CloseProvisionerTransformer (no changes)
2021/04/11 15:49:47 [TRACE] Executing graph transform *terraform.CloseRootModuleTransformer
2021/04/11 15:49:47 [TRACE] Completed graph transform *terraform.CloseRootModuleTransformer with new graph:
  dns_a_record_set.test_1803 - *terraform.NodeApplyableResourceInstance
    dns_a_record_set.test_1803 (expand) - *terraform.nodeExpandApplyableResource
    provider["registry.terraform.io/hashicorp/dns"] - *terraform.NodeApplyableProvider
  dns_a_record_set.test_1803 (expand) - *terraform.nodeExpandApplyableResource
    provider["registry.terraform.io/hashicorp/dns"] - *terraform.NodeApplyableProvider
  meta.count-boundary (EachMode fixup) - *terraform.NodeCountBoundary
    dns_a_record_set.test_1803 - *terraform.NodeApplyableResourceInstance
    dns_a_record_set.test_1803 (expand) - *terraform.nodeExpandApplyableResource
    provider["registry.terraform.io/hashicorp/dns"] - *terraform.NodeApplyableProvider
  provider["registry.terraform.io/hashicorp/dns"] - *terraform.NodeApplyableProvider
  provider["registry.terraform.io/hashicorp/dns"] (close) - *terraform.graphNodeCloseProvider
    dns_a_record_set.test_1803 - *terraform.NodeApplyableResourceInstance
    dns_a_record_set.test_1803 (expand) - *terraform.nodeExpandApplyableResource
    provider["registry.terraform.io/hashicorp/dns"] - *terraform.NodeApplyableProvider
  root - *terraform.nodeCloseModule
    meta.count-boundary (EachMode fixup) - *terraform.NodeCountBoundary
    provider["registry.terraform.io/hashicorp/dns"] (close) - *terraform.graphNodeCloseProvider
  ------
2021/04/11 15:49:47 [TRACE] Executing graph transform *terraform.TransitiveReductionTransformer
2021/04/11 15:49:47 [TRACE] Completed graph transform *terraform.TransitiveReductionTransformer with new graph:
  dns_a_record_set.test_1803 - *terraform.NodeApplyableResourceInstance
    dns_a_record_set.test_1803 (expand) - *terraform.nodeExpandApplyableResource
  dns_a_record_set.test_1803 (expand) - *terraform.nodeExpandApplyableResource
    provider["registry.terraform.io/hashicorp/dns"] - *terraform.NodeApplyableProvider
  meta.count-boundary (EachMode fixup) - *terraform.NodeCountBoundary
    dns_a_record_set.test_1803 - *terraform.NodeApplyableResourceInstance
  provider["registry.terraform.io/hashicorp/dns"] - *terraform.NodeApplyableProvider
  provider["registry.terraform.io/hashicorp/dns"] (close) - *terraform.graphNodeCloseProvider
    dns_a_record_set.test_1803 - *terraform.NodeApplyableResourceInstance
  root - *terraform.nodeCloseModule
    meta.count-boundary (EachMode fixup) - *terraform.NodeCountBoundary
    provider["registry.terraform.io/hashicorp/dns"] (close) - *terraform.graphNodeCloseProvider
  ------
2021/04/11 15:49:47 [DEBUG] Starting graph walk: walkApply
2021/04/11 15:49:47 [TRACE] dag/walk: visiting "provider[\"registry.terraform.io/hashicorp/dns\"]"
2021/04/11 15:49:47 [TRACE] vertex "provider[\"registry.terraform.io/hashicorp/dns\"]": starting visit (*terraform.NodeApplyableProvider)
2021-04-11T15:49:47.261+0300 [INFO]  plugin: configuring client automatic mTLS
2021-04-11T15:49:47.304+0300 [DEBUG] plugin: starting plugin: path=.terraform/providers/registry.terraform.io/hashicorp/dns/3.0.0/linux_amd64/terraform-provider-dns_v3.0.0_x5 args=[.terraform/providers/registry.terraform.io/hashicorp/dns/3.0.0/linux_amd64/terraform-provider-dns_v3.0.0_x5]
2021-04-11T15:49:47.305+0300 [DEBUG] plugin: plugin started: path=.terraform/providers/registry.terraform.io/hashicorp/dns/3.0.0/linux_amd64/terraform-provider-dns_v3.0.0_x5 pid=19954
2021-04-11T15:49:47.305+0300 [DEBUG] plugin: waiting for RPC address: path=.terraform/providers/registry.terraform.io/hashicorp/dns/3.0.0/linux_amd64/terraform-provider-dns_v3.0.0_x5
2021-04-11T15:49:47.342+0300 [INFO]  plugin.terraform-provider-dns_v3.0.0_x5: configuring server automatic mTLS: timestamp=2021-04-11T15:49:47.336+0300
2021-04-11T15:49:47.373+0300 [DEBUG] plugin.terraform-provider-dns_v3.0.0_x5: plugin address: network=unix address=/tmp/plugin922227522 timestamp=2021-04-11T15:49:47.372+0300
2021-04-11T15:49:47.373+0300 [DEBUG] plugin: using plugin: version=5
2021/04/11 15:49:47 [TRACE] BuiltinEvalContext: Initialized "provider[\"registry.terraform.io/hashicorp/dns\"]" provider for provider["registry.terraform.io/hashicorp/dns"]
2021/04/11 15:49:47 [TRACE] buildProviderConfig for provider["registry.terraform.io/hashicorp/dns"]: using explicit config only
2021/04/11 15:49:47 [TRACE] GRPCProvider: GetSchema
2021-04-11T15:49:47.444+0300 [TRACE] plugin.stdio: waiting for stdio data
2021/04/11 15:49:47 [TRACE] GRPCProvider: Configure
2021-04-11T15:49:47.447+0300 [DEBUG] plugin.terraform-provider-dns_v3.0.0_x5: 2021/04/11 15:49:47 [INFO] Building DNSClient config structure
2021/04/11 15:49:47 [TRACE] vertex "provider[\"registry.terraform.io/hashicorp/dns\"]": visit complete
2021/04/11 15:49:47 [TRACE] dag/walk: visiting "dns_a_record_set.test_1803 (expand)"
2021/04/11 15:49:47 [TRACE] vertex "dns_a_record_set.test_1803 (expand)": starting visit (*terraform.nodeExpandApplyableResource)
2021/04/11 15:49:47 [TRACE] vertex "dns_a_record_set.test_1803 (expand)": expanding dynamic subgraph
2021/04/11 15:49:47 [TRACE] vertex "dns_a_record_set.test_1803 (expand)": entering dynamic subgraph
2021/04/11 15:49:47 [TRACE] dag/walk: visiting "dns_a_record_set.test_1803"
2021/04/11 15:49:47 [TRACE] vertex "dns_a_record_set.test_1803": starting visit (*terraform.NodeApplyableResource)
2021/04/11 15:49:47 [TRACE] vertex "dns_a_record_set.test_1803": visit complete
2021/04/11 15:49:47 [TRACE] vertex "dns_a_record_set.test_1803 (expand)": dynamic subgraph completed successfully
2021/04/11 15:49:47 [TRACE] vertex "dns_a_record_set.test_1803 (expand)": visit complete
2021/04/11 15:49:47 [TRACE] dag/walk: visiting "dns_a_record_set.test_1803"
2021/04/11 15:49:47 [TRACE] vertex "dns_a_record_set.test_1803": starting visit (*terraform.NodeApplyableResourceInstance)
2021/04/11 15:49:47 [TRACE] EvalReadDiff: Read Create change from plan for dns_a_record_set.test_1803
2021/04/11 15:49:47 [TRACE] EvalReadState: reading state for dns_a_record_set.test_1803
2021/04/11 15:49:47 [TRACE] EvalReadState: no state present for dns_a_record_set.test_1803
2021/04/11 15:49:47 [TRACE] EvalReadDiff: Read Create change from plan for dns_a_record_set.test_1803
2021/04/11 15:49:47 [TRACE] Re-validating config for "dns_a_record_set.test_1803"
2021/04/11 15:49:47 [TRACE] GRPCProvider: ValidateResourceTypeConfig
2021-04-11T15:49:47.449+0300 [DEBUG] plugin.terraform-provider-dns_v3.0.0_x5: 2021/04/11 15:49:47 [WARN] Truncating attribute path of 0 diagnostics for TypeSet
2021/04/11 15:49:47 [TRACE] GRPCProvider: PlanResourceChange
2021/04/11 15:49:47 [TRACE] EvalCheckPlannedChange: Verifying that actual change (action Create) matches planned change (action Create)
2021/04/11 15:49:47 [TRACE] EvalReadState: reading state for dns_a_record_set.test_1803
2021/04/11 15:49:47 [TRACE] EvalReadState: no state present for dns_a_record_set.test_1803
2021/04/11 15:49:47 [DEBUG] EvalApply: ProviderMeta config value set
2021/04/11 15:49:47 [DEBUG] dns_a_record_set.test_1803: applying the planned Create change
2021/04/11 15:49:47 [TRACE] GRPCProvider: ApplyResourceChange
2021-04-11T15:49:47.454+0300 [DEBUG] plugin.terraform-provider-dns_v3.0.0_x5: panic: runtime error: invalid memory address or nil pointer dereference
2021-04-11T15:49:47.454+0300 [DEBUG] plugin.terraform-provider-dns_v3.0.0_x5: [signal SIGSEGV: segmentation violation code=0x1 addr=0x18 pc=0xaf86a9]
2021-04-11T15:49:47.454+0300 [DEBUG] plugin.terraform-provider-dns_v3.0.0_x5: 
2021-04-11T15:49:47.454+0300 [DEBUG] plugin.terraform-provider-dns_v3.0.0_x5: goroutine 35 [running]:
2021-04-11T15:49:47.454+0300 [DEBUG] plugin.terraform-provider-dns_v3.0.0_x5: github.com/miekg/dns.(*Msg).Insert(0xc000611620, 0xc000611500, 0x1, 0x1)
2021-04-11T15:49:47.454+0300 [DEBUG] plugin.terraform-provider-dns_v3.0.0_x5: 	/opt/teamcity-agent/work/5d79fe75d4460a2f/src/github.com/terraform-providers/terraform-provider-dns/vendor/github.com/miekg/dns/update.go:71 +0x89
2021-04-11T15:49:47.454+0300 [DEBUG] plugin.terraform-provider-dns_v3.0.0_x5: github.com/hashicorp/terraform-provider-dns/internal/provider.resourceDnsARecordSetUpdate(0xc000093f00, 0xfb9480, 0xc00012fe60, 0xc0001c0db0, 0xc00050d2b0)
2021-04-11T15:49:47.454+0300 [DEBUG] plugin.terraform-provider-dns_v3.0.0_x5: 	/opt/teamcity-agent/work/5d79fe75d4460a2f/src/github.com/terraform-providers/terraform-provider-dns/internal/provider/resource_dns_a_record_set.go:114 +0x781
2021-04-11T15:49:47.454+0300 [DEBUG] plugin.terraform-provider-dns_v3.0.0_x5: github.com/hashicorp/terraform-provider-dns/internal/provider.resourceDnsARecordSetCreate(0xc000093f00, 0xfb9480, 0xc00012fe60, 0x0, 0xffffffffffffffff)
2021-04-11T15:49:47.454+0300 [DEBUG] plugin.terraform-provider-dns_v3.0.0_x5: 	/opt/teamcity-agent/work/5d79fe75d4460a2f/src/github.com/terraform-providers/terraform-provider-dns/internal/provider/resource_dns_a_record_set.go:54 +0x5b
2021-04-11T15:49:47.454+0300 [DEBUG] plugin.terraform-provider-dns_v3.0.0_x5: github.com/hashicorp/terraform-plugin-sdk/v2/helper/schema.(*Resource).create(0xc0000d2790, 0x14798e0, 0xc00008fc80, 0xc000093f00, 0xfb9480, 0xc00012fe60, 0x0, 0x0, 0x0)
2021-04-11T15:49:47.454+0300 [DEBUG] plugin.terraform-provider-dns_v3.0.0_x5: 	/opt/teamcity-agent/work/5d79fe75d4460a2f/src/github.com/terraform-providers/terraform-provider-dns/vendor/github.com/hashicorp/terraform-plugin-sdk/v2/helper/schema/resource.go:269 +0x88
2021-04-11T15:49:47.454+0300 [DEBUG] plugin.terraform-provider-dns_v3.0.0_x5: github.com/hashicorp/terraform-plugin-sdk/v2/helper/schema.(*Resource).Apply(0xc0000d2790, 0x14798e0, 0xc00008fc80, 0xc0002f9f10, 0xc000616360, 0xfb9480, 0xc00012fe60, 0x0, 0x0, 0x0, ...)
2021-04-11T15:49:47.454+0300 [DEBUG] plugin.terraform-provider-dns_v3.0.0_x5: 	/opt/teamcity-agent/work/5d79fe75d4460a2f/src/github.com/terraform-providers/terraform-provider-dns/vendor/github.com/hashicorp/terraform-plugin-sdk/v2/helper/schema/resource.go:387 +0x681
2021-04-11T15:49:47.454+0300 [DEBUG] plugin.terraform-provider-dns_v3.0.0_x5: github.com/hashicorp/terraform-plugin-sdk/v2/internal/helper/plugin.(*GRPCProviderServer).ApplyResourceChange(0xc00000cde0, 0x14798e0, 0xc00008fc80, 0xc0002f9ce0, 0xc00000cde0, 0xc00000cdf0, 0x12379a0)
2021-04-11T15:49:47.454+0300 [DEBUG] plugin.terraform-provider-dns_v3.0.0_x5: 	/opt/teamcity-agent/work/5d79fe75d4460a2f/src/github.com/terraform-providers/terraform-provider-dns/vendor/github.com/hashicorp/terraform-plugin-sdk/v2/internal/helper/plugin/grpc_provider.go:952 +0x8b2
2021-04-11T15:49:47.454+0300 [DEBUG] plugin.terraform-provider-dns_v3.0.0_x5: github.com/hashicorp/terraform-plugin-sdk/v2/internal/tfplugin5._Provider_ApplyResourceChange_Handler.func1(0x14798e0, 0xc00008fc80, 0x1198920, 0xc0002f9ce0, 0xc00008fc80, 0x10b0800, 0xc000186801, 0xc0006160c0)
2021-04-11T15:49:47.454+0300 [DEBUG] plugin.terraform-provider-dns_v3.0.0_x5: 	/opt/teamcity-agent/work/5d79fe75d4460a2f/src/github.com/terraform-providers/terraform-provider-dns/vendor/github.com/hashicorp/terraform-plugin-sdk/v2/internal/tfplugin5/tfplugin5.pb.go:3312 +0x86
2021-04-11T15:49:47.454+0300 [DEBUG] plugin.terraform-provider-dns_v3.0.0_x5: github.com/hashicorp/terraform-plugin-sdk/v2/plugin.Serve.func3.1(0x14799a0, 0xc0001c04b0, 0x1198920, 0xc0002f9ce0, 0xc0006160a0, 0xc0006160c0, 0xc000764ba0, 0x491958, 0x1150420, 0xc0001c04b0)
2021-04-11T15:49:47.454+0300 [DEBUG] plugin.terraform-provider-dns_v3.0.0_x5: 	/opt/teamcity-agent/work/5d79fe75d4460a2f/src/github.com/terraform-providers/terraform-provider-dns/vendor/github.com/hashicorp/terraform-plugin-sdk/v2/plugin/serve.go:76 +0x87
2021-04-11T15:49:47.454+0300 [DEBUG] plugin.terraform-provider-dns_v3.0.0_x5: github.com/hashicorp/terraform-plugin-sdk/v2/internal/tfplugin5._Provider_ApplyResourceChange_Handler(0x11af820, 0xc00000cde0, 0x14799a0, 0xc0001c04b0, 0xc0001868a0, 0xc00059abc0, 0x14799a0, 0xc0001c04b0, 0xc0007e73b0, 0xe2)
2021-04-11T15:49:47.454+0300 [DEBUG] plugin.terraform-provider-dns_v3.0.0_x5: 	/opt/teamcity-agent/work/5d79fe75d4460a2f/src/github.com/terraform-providers/terraform-provider-dns/vendor/github.com/hashicorp/terraform-plugin-sdk/v2/internal/tfplugin5/tfplugin5.pb.go:3314 +0x14b
2021-04-11T15:49:47.454+0300 [DEBUG] plugin.terraform-provider-dns_v3.0.0_x5: google.golang.org/grpc.(*Server).processUnaryRPC(0xc0000c6000, 0x14878a0, 0xc000001680, 0xc000149200, 0xc0001be6f0, 0x1cb6c40, 0x0, 0x0, 0x0)
2021-04-11T15:49:47.454+0300 [DEBUG] plugin.terraform-provider-dns_v3.0.0_x5: 	/opt/teamcity-agent/work/5d79fe75d4460a2f/src/github.com/terraform-providers/terraform-provider-dns/vendor/google.golang.org/grpc/server.go:1171 +0x50a
2021-04-11T15:49:47.454+0300 [DEBUG] plugin.terraform-provider-dns_v3.0.0_x5: google.golang.org/grpc.(*Server).handleStream(0xc0000c6000, 0x14878a0, 0xc000001680, 0xc000149200, 0x0)
2021-04-11T15:49:47.454+0300 [DEBUG] plugin.terraform-provider-dns_v3.0.0_x5: 	/opt/teamcity-agent/work/5d79fe75d4460a2f/src/github.com/terraform-providers/terraform-provider-dns/vendor/google.golang.org/grpc/server.go:1494 +0xccd
2021-04-11T15:49:47.454+0300 [DEBUG] plugin.terraform-provider-dns_v3.0.0_x5: google.golang.org/grpc.(*Server).serveStreams.func1.2(0xc0003241e0, 0xc0000c6000, 0x14878a0, 0xc000001680, 0xc000149200)
2021-04-11T15:49:47.454+0300 [DEBUG] plugin.terraform-provider-dns_v3.0.0_x5: 	/opt/teamcity-agent/work/5d79fe75d4460a2f/src/github.com/terraform-providers/terraform-provider-dns/vendor/google.golang.org/grpc/server.go:834 +0xa1
2021-04-11T15:49:47.454+0300 [DEBUG] plugin.terraform-provider-dns_v3.0.0_x5: created by google.golang.org/grpc.(*Server).serveStreams.func1
2021-04-11T15:49:47.454+0300 [DEBUG] plugin.terraform-provider-dns_v3.0.0_x5: 	/opt/teamcity-agent/work/5d79fe75d4460a2f/src/github.com/terraform-providers/terraform-provider-dns/vendor/google.golang.org/grpc/server.go:832 +0x204
2021-04-11T15:49:47.456+0300 [WARN]  plugin.stdio: received EOF, stopping recv loop: err="rpc error: code = Unavailable desc = transport is closing"
2021-04-11T15:49:47.456+0300 [DEBUG] plugin: plugin process exited: path=.terraform/providers/registry.terraform.io/hashicorp/dns/3.0.0/linux_amd64/terraform-provider-dns_v3.0.0_x5 pid=19954 error="exit status 2"
2021/04/11 15:49:47 [DEBUG] dns_a_record_set.test_1803: apply errored, but we're indicating that via the Error pointer rather than returning it: rpc error: code = Unavailable desc = transport is closing
2021/04/11 15:49:47 [TRACE] EvalMaybeTainted: dns_a_record_set.test_1803 encountered an error during creation, so it is now marked as tainted
2021/04/11 15:49:47 [TRACE] EvalWriteState: removing state object for dns_a_record_set.test_1803
2021/04/11 15:49:47 [TRACE] EvalApplyProvisioners: dns_a_record_set.test_1803 has no state, so skipping provisioners
2021/04/11 15:49:47 [TRACE] EvalMaybeTainted: dns_a_record_set.test_1803 encountered an error during creation, so it is now marked as tainted
2021/04/11 15:49:47 [TRACE] EvalWriteState: removing state object for dns_a_record_set.test_1803
2021/04/11 15:49:47 [TRACE] vertex "dns_a_record_set.test_1803": visit complete
2021/04/11 15:49:47 [TRACE] dag/walk: upstream of "meta.count-boundary (EachMode fixup)" errored, so skipping
2021/04/11 15:49:47 [TRACE] dag/walk: upstream of "provider[\"registry.terraform.io/hashicorp/dns\"] (close)" errored, so skipping
2021/04/11 15:49:47 [TRACE] dag/walk: upstream of "root" errored, so skipping
2021/04/11 15:49:47 [TRACE] statemgr.Filesystem: not making a backup, because the new snapshot is identical to the old
2021/04/11 15:49:47 [TRACE] statemgr.Filesystem: no state changes since last snapshot
2021/04/11 15:49:47 [TRACE] statemgr.Filesystem: writing snapshot at terraform.tfstate
2021/04/11 15:49:47 [TRACE] statemgr.Filesystem: removing lock metadata file .terraform.tfstate.lock.info
2021/04/11 15:49:47 [TRACE] statemgr.Filesystem: unlocking terraform.tfstate using fcntl flock
2021-04-11T15:49:47.549+0300 [DEBUG] plugin: plugin exited
